[sweep] condition=Stim8hr genes=3935 diseases=12
[sweep] bc + known maps done
[sweep] ab 250/3935
[sweep] ab 500/3935
[sweep] ab 750/3935
[sweep] ab 1000/3935
[sweep] ab 1250/3935
[sweep] ab 1500/3935
[sweep] ab 1750/3935
[sweep] ab 2000/3935
[sweep] ab 2250/3935
[sweep] ab 2500/3935
[sweep] ab 2750/3935
[sweep] ab 3000/3935
[sweep] ab 3250/3935
[sweep] ab 3500/3935
[sweep] ab 3750/3935
[sweep] ab done; ab_gate(0.5)=26
[sweep] eligible pairs (pre-referee): 22039
[sweep] referee-supported survivors: 44
[sweep] scored 44 supported survivors
FUNNEL Stim8hr: a_genes 3935 -> eligible 22039 -> referee-supported 44 (pure-disjoint 1)
TOP 10 supported (ranked by novelty):
  UFM1     x multiple sclerosis         s=-0.807 ab=   29 ac_lit=  43 ac_known=0.062 eff= 2278
  BHLHE40  x ankylosing spondylitis     s= -0.94 ab=  507 ac_lit=  26 ac_known=0.071 eff= 1996
  NUDT1    x type 1 diabetes mellitus   s=-1.102 ab=   26 ac_lit=   0 ac_known=0.068 eff=    4
  NAB2     x atopic eczema              s=-1.137 ab=   66 ac_lit=   6 ac_known=0.038 eff=  301
  TUFM     x Crohn's disease            s=-1.219 ab=   38 ac_lit=  31 ac_known=0.050 eff=  651
  FEN1     x Crohn's disease            s=-1.791 ab=  105 ac_lit=  10 ac_known=0.053 eff=   32
  DNAJB9   x type 1 diabetes mellitus   s=-1.896 ab=   31 ac_lit=  12 ac_known=0.053 eff=  117
  NAB2     x asthma                     s=-1.974 ab=   66 ac_lit=  76 ac_known=0.052 eff=  301
  EGR2     x ankylosing spondylitis     s=-2.121 ab=  662 ac_lit=  50 ac_known=0.099 eff=  854
  EGR2     x celiac disease             s=-2.195 ab=  662 ac_lit=  67 ac_known=0.048 eff=  854
wrote sweep_Stim8hr.json + lbd_questions_Stim8hr.json
